<?xml version="1.0" encoding="UTF-8"?>
<!-- Generated by org.testng.reporters.JUnitReportReporter -->
<testsuite hostname="DESKTOP-7AJNJ4T" name="org.working.note.testNG.OrderTestNg" tests="1" failures="0" timestamp="7 Jun 2022 12:55:53 GMT" time="7.166" errors="0">
  <testcase name="fpage" time="7.166" classname="org.working.note.testNG.OrderTestNg"/>
</testsuite> <!-- org.working.note.testNG.OrderTestNg -->
